<?xml version="1.0" encoding="UTF-8"?>
<!-- Generated by org.testng.reporters.JUnitXMLReporter -->
<testsuite ignored="1" hostname="Sathish-PC" failures="0" tests="2" name="Test" time="25.096" errors="0" timestamp="2025-04-01T13:12:43 IST">
  <testcase classname="testCases.TC_002_LoginTest" name="verify_Login" time="2.423"/>
  <testcase classname="testCases.TC_001_AccountRegistrationTest" name="verify_AccountRegistration" time="3.76"/>
  <testcase classname="testCases.TC003_Login_DDT" name="verify_LoginDDT" time="0.0">
    <ignored/>
  </testcase> <!-- verify_LoginDDT -->
</testsuite> <!-- Test -->
