<?xml version="1.0" encoding="UTF-8"?>
<testng-results ignored="0" total="2" passed="2" failed="0" skipped="0">
  <reporter-output>
  </reporter-output>
  <suite started-at="2025-04-02T18:58:48 IST" name="MasterSuite" finished-at="2025-04-02T18:59:18 IST" duration-ms="29340">
    <groups>
      <group name="Master">
        <method signature="TC_001_AccountRegistrationTest.verify_AccountRegistration()[pri:0, instance:testCases.TC_001_AccountRegistrationTest@2f67b837]" name="verify_AccountRegistration" class="testCases.TC_001_AccountRegistrationTest"/>
        <method signature="TC_002_LoginTest.verify_Login()[pri:0, instance:testCases.TC_002_LoginTest@3daf7722]" name="verify_Login" class="testCases.TC_002_LoginTest"/>
      </group> <!-- Master -->
      <group name="Sanity">
        <method signature="TC_002_LoginTest.verify_Login()[pri:0, instance:testCases.TC_002_LoginTest@3daf7722]" name="verify_Login" class="testCases.TC_002_LoginTest"/>
      </group> <!-- Sanity -->
      <group name="Regression">
        <method signature="TC_001_AccountRegistrationTest.verify_AccountRegistration()[pri:0, instance:testCases.TC_001_AccountRegistrationTest@2f67b837]" name="verify_AccountRegistration" class="testCases.TC_001_AccountRegistrationTest"/>
      </group> <!-- Regression -->
    </groups>
    <test started-at="2025-04-02T18:58:48 IST" name="Test" finished-at="2025-04-02T18:59:18 IST" duration-ms="29340">
      <class name="testCases.TC_001_AccountRegistrationTest">
        <test-method is-config="true" signature="setup(java.lang.String,java.lang.String)[pri:0, instance:testCases.TC_001_AccountRegistrationTest@2f67b837]" started-at="2025-04-02T18:59:05 IST" name="setup" finished-at="2025-04-02T18:59:12 IST" duration-ms="7500" status="PASS">
          <params>
            <param index="0">
              <value>
                <![CDATA[Windows]]>
              </value>
            </param>
            <param index="1">
              <value>
                <![CDATA[chrome]]>
              </value>
            </param>
          </params>
          <reporter-output>
          </reporter-output>
        </test-method> <!-- setup -->
        <test-method signature="verify_AccountRegistration()[pri:0, instance:testCases.TC_001_AccountRegistrationTest@2f67b837]" started-at="2025-04-02T18:59:12 IST" name="verify_AccountRegistration" finished-at="2025-04-02T18:59:17 IST" duration-ms="4129" status="PASS">
          <reporter-output>
          </reporter-output>
        </test-method> <!-- verify_AccountRegistration -->
        <test-method is-config="true" signature="tearDown()[pri:0, instance:testCases.TC_001_AccountRegistrationTest@2f67b837]" started-at="2025-04-02T18:59:17 IST" name="tearDown" finished-at="2025-04-02T18:59:18 IST" duration-ms="1215" status="PASS">
          <reporter-output>
          </reporter-output>
        </test-method> <!-- tearDown -->
      </class> <!-- testCases.TC_001_AccountRegistrationTest -->
      <class name="testCases.TC_002_LoginTest">
        <test-method is-config="true" signature="setup(java.lang.String,java.lang.String)[pri:0, instance:testCases.TC_002_LoginTest@3daf7722]" started-at="2025-04-02T18:58:50 IST" name="setup" finished-at="2025-04-02T18:59:00 IST" duration-ms="10514" status="PASS">
          <params>
            <param index="0">
              <value>
                <![CDATA[Windows]]>
              </value>
            </param>
            <param index="1">
              <value>
                <![CDATA[chrome]]>
              </value>
            </param>
          </params>
          <reporter-output>
          </reporter-output>
        </test-method> <!-- setup -->
        <test-method signature="verify_Login()[pri:0, instance:testCases.TC_002_LoginTest@3daf7722]" started-at="2025-04-02T18:59:00 IST" name="verify_Login" finished-at="2025-04-02T18:59:04 IST" duration-ms="3241" status="PASS">
          <reporter-output>
          </reporter-output>
        </test-method> <!-- verify_Login -->
        <test-method is-config="true" signature="tearDown()[pri:0, instance:testCases.TC_002_LoginTest@3daf7722]" started-at="2025-04-02T18:59:04 IST" name="tearDown" finished-at="2025-04-02T18:59:05 IST" duration-ms="1071" status="PASS">
          <reporter-output>
          </reporter-output>
        </test-method> <!-- tearDown -->
      </class> <!-- testCases.TC_002_LoginTest -->
    </test> <!-- Test -->
  </suite> <!-- MasterSuite -->
</testng-results>
